Unigraphics NX V7.5 / 2D Exchange

Reading part: C:\Users\matas\AppData\Local\Temp\mataA6DEu8by.prt


Writing part: C:\Users\matas\AppData\Local\Temp\mataA6DEu8bw.prt

Elapsed time   :    0 minutes,  1 seconds
Actual CPU Time:    0 minutes,  0 seconds

INFO-
INFO-		Unigraphics Version NX V7.5 to AutoCAD 2004
INFO-		
INFO-
INFO-		Running UGTODWG Translator .....
INFO-
INFO-		Start of Translation: Tue Jul 05 14:22:14 2016
INFO-
STATUS-		Converting C:\Users\matas\AppData\Local\Temp\mataA6DEu8bw.prt
STATUS-
SUMMARY-
SUMMARY-	Summary of Unigraphics Input Entities
SUMMARY-	For Unigraphics File: C:\Users\matas\AppData\Local\Temp\mataA6DEu8bw.prt
SUMMARY-	------------------------------------------------------------------
SUMMARY-	Entity Type					Count
SUMMARY-	------------------------------------------------------------------
SUMMARY-	Line .....................................:	5
SUMMARY-	Arc ......................................:	7
SUMMARY-	Circle ......................................:	2
SUMMARY-	------------------------------------------------------------------
SUMMARY-	Total ....................................:	14
SUMMARY-	------------------------------------------------------------------
SUMMARY-
STATUS-
INFO-
INFO-		Writing File: C:\UAV\PCB\STX165R_UAVCAN_module\Drawings\STX165R_canbus_module_2d_outline.dwg
SUMMARY-	Summary of AutoCAD Output Entities
SUMMARY-	------------------------------------------------------------------
SUMMARY-	Entity Type					Count
SUMMARY-	------------------------------------------------------------------
SUMMARY-	Arc ......................................:	7
SUMMARY-	Circle ...................................:	2
SUMMARY-	Line .....................................:	5
SUMMARY-	Layout ...................................:	6
SUMMARY-	------------------------------------------------------------------
SUMMARY-	Total ....................................:	20
SUMMARY-	------------------------------------------------------------------
SUMMARY-
INFO-
INFO-		End of Translation: Tue Jul 05 14:22:14 2016
INFO-		Translation CPU time: 0 m, 1 sINFO-
