Added Component: Designator=DS1(KING-LED0603-25-ORANGE_V)
Added Component: Designator=J1(MOLX-67503-1020_V)
Added Component: Designator=P1(SMTC-LTMM-105-02-XX-D)
Added Component: Designator=U1(TO-263_N)
Added Component: Designator=U2(STM-LQFP48_L)
Added Pin To Net: NetName=NetDS1_1 Pin=DS1-1
Added Pin To Net: NetName=GND Pin=DS1-2
Added Pin To Net: NetName=NetF1_1 Pin=J1-1
Added Pin To Net: NetName=NetJ1_2 Pin=J1-2
Added Pin To Net: NetName=NetJ1_3 Pin=J1-3
Added Pin To Net: NetName=GND Pin=J1-5
Added Pin To Net: NetName=GND Pin=J1-6
Added Pin To Net: NetName=GND Pin=J1-7
Added Pin To Net: NetName=GND Pin=J1-8
Added Pin To Net: NetName=GND Pin=J1-9
Added Pin To Net: NetName=3.3V Pin=P1-1
Added Pin To Net: NetName=DEBUG_NJTRST Pin=P1-2
Added Pin To Net: NetName=DEBUG_JTDI Pin=P1-3
Added Pin To Net: NetName=DEBUG_JTMS Pin=P1-4
Added Pin To Net: NetName=DEBUG_JTCK Pin=P1-5
Added Pin To Net: NetName=RTCK Pin=P1-6
Added Pin To Net: NetName=DEBUG_JTDO Pin=P1-7
Added Pin To Net: NetName=NRST Pin=P1-8
Added Pin To Net: NetName=GND Pin=P1-9
Added Pin To Net: NetName=GND Pin=P1-10
Added Pin To Net: NetName=GND Pin=U1-1
Added Pin To Net: NetName=V_MCU Pin=U1-3
Added Pin To Net: NetName=3.3V Pin=U1-4
Added Pin To Net: NetName=3.3V Pin=U2-1
Added Pin To Net: NetName=AUX1 Pin=U2-2
Added Pin To Net: NetName=AUX2 Pin=U2-3
Added Pin To Net: NetName=AUX3 Pin=U2-4
Added Pin To Net: NetName=NetC13_2 Pin=U2-5
Added Pin To Net: NetName=NetC14_2 Pin=U2-6
Added Pin To Net: NetName=NRST Pin=U2-7
Added Pin To Net: NetName=GND Pin=U2-8
Added Pin To Net: NetName=3.3V Pin=U2-9
Added Pin To Net: NetName=AUX4 Pin=U2-10
Added Pin To Net: NetName=AUX5 Pin=U2-11
Added Pin To Net: NetName=USART2_TX Pin=U2-12
Added Pin To Net: NetName=USART2_RX Pin=U2-13
Added Pin To Net: NetName=AUX6 Pin=U2-14
Added Pin To Net: NetName=AUX7 Pin=U2-15
Added Pin To Net: NetName=AUX8 Pin=U2-16
Added Pin To Net: NetName=AUX9 Pin=U2-17
Added Pin To Net: NetName=AUX10 Pin=U2-18
Added Pin To Net: NetName=AUX11 Pin=U2-19
Added Pin To Net: NetName=AUX12 Pin=U2-20
Added Pin To Net: NetName=USART3_TX Pin=U2-21
Added Pin To Net: NetName=USART3_RX Pin=U2-22
Added Pin To Net: NetName=GND Pin=U2-23
Added Pin To Net: NetName=3.3V Pin=U2-24
Added Pin To Net: NetName=TRANS_SUPPRESSION Pin=U2-25
Added Pin To Net: NetName=AUX13 Pin=U2-26
Added Pin To Net: NetName=AUX14 Pin=U2-27
Added Pin To Net: NetName=AUX15 Pin=U2-28
Added Pin To Net: NetName=AUX16 Pin=U2-29
Added Pin To Net: NetName=NetR4_2 Pin=U2-30
Added Pin To Net: NetName=NetR5_2 Pin=U2-31
Added Pin To Net: NetName=USB_DM Pin=U2-32
Added Pin To Net: NetName=USB_DP Pin=U2-33
Added Pin To Net: NetName=DEBUG_JTMS Pin=U2-34
Added Pin To Net: NetName=GND Pin=U2-35
Added Pin To Net: NetName=3.3V Pin=U2-36
Added Pin To Net: NetName=DEBUG_JTCK Pin=U2-37
Added Pin To Net: NetName=DEBUG_JTDI Pin=U2-38
Added Pin To Net: NetName=DEBUG_JTDO Pin=U2-39
Added Pin To Net: NetName=DEBUG_NJTRST Pin=U2-40
Added Pin To Net: NetName=AUX17 Pin=U2-41
Added Pin To Net: NetName=AUX18 Pin=U2-42
Added Pin To Net: NetName=STATUS_LED Pin=U2-43
Added Pin To Net: NetName=BOOT0 Pin=U2-44
Added Pin To Net: NetName=CAN_RX Pin=U2-45
Added Pin To Net: NetName=CAN_TX Pin=U2-46
Added Pin To Net: NetName=GND Pin=U2-47
Added Pin To Net: NetName=3.3V Pin=U2-48
Added Member To Class: ClassName=STX165R_UAVCAN_module Member=Component DS1 APG1608SEKC/T
Added Member To Class: ClassName=STX165R_UAVCAN_module Member=Component J1 67503-1020
Added Member To Class: ClassName=STX165R_UAVCAN_module Member=Component P1 LTMM-105-02-TX-D
Added Member To Class: ClassName=STX165R_UAVCAN_module Member=Component U1 LD1086D2T33TR
Added Member To Class: ClassName=STX165R_UAVCAN_module Member=Component U2 STM32F103CBT6
