Added Component: Designator=C1(0603_CAP)
Added Component: Designator=C2(0603_CAP)
Added Component: Designator=C3(0603_CAP)
Added Component: Designator=C4(0603_CAP)
Added Component: Designator=C5(1206_CAP)
Added Component: Designator=C6(1206_CAP)
Added Component: Designator=C7(1206_CAP)
Added Component: Designator=C8(0603_CAP)
Added Component: Designator=C9(0603_CAP)
Added Component: Designator=C10(0603_CAP)
Added Component: Designator=C11(0603_CAP)
Added Component: Designator=C12(0603_CAP)
Added Component: Designator=C13(0603_CAP)
Added Component: Designator=C14(0603_CAP)
Added Component: Designator=C15(0603_CAP)
Added Component: Designator=D1(SOD123W)
Added Component: Designator=D2(SOD123W)
Added Component: Designator=D3(SOD123W)
Added Component: Designator=F1(0603_RES)
Added Component: Designator=F2(0603_RES)
Added Component: Designator=F3(0603_RES)
Added Component: Designator=J2(1-1634222-2)
Added Component: Designator=J3(BM06B-GHS-TBT)
Added Component: Designator=J4(43650-0224)
Added Component: Designator=J5(BM04B-GHS-TBT)
Added Component: Designator=J6(BM04B-GHS-TBT)
Added Component: Designator=P2(HDR2X12)
Added Component: Designator=R1(0603_RES)
Added Component: Designator=R2(0603_RES)
Added Component: Designator=R3(0603_RES)
Added Component: Designator=R4(0603_RES)
Added Component: Designator=R5(0603_RES)
Added Component: Designator=R6(0603_RES)
Added Component: Designator=R7(0603_RES)
Added Component: Designator=R8(0603_RES)
Added Component: Designator=R9(0603_RES)
Added Component: Designator=R10(0603_RES)
Added Component: Designator=R11(0603_RES)
Added Component: Designator=R12(0603_RES)
Added Component: Designator=R13(0603_RES)
Added Component: Designator=R14(0603_RES)
Added Component: Designator=R15(0603_RES)
Added Component: Designator=R16(0603_RES)
Added Component: Designator=S1(147873-1)
Added Component: Designator=S2(147873-1)
Added Component: Designator=U3(TSSOP-16 low density)
Added Component: Designator=U4(SOIC127P600X175-8M)
Added Component: Designator=Y1(TSX-3225)
Added Pin To Net: NetName=3.3V Pin=C1-2
Added Pin To Net: NetName=3.3V Pin=C2-2
Added Pin To Net: NetName=3.3V Pin=C3-2
Added Pin To Net: NetName=3.3V Pin=C4-2
Added Pin To Net: NetName=3.3V Pin=C5-2
Added Pin To Net: NetName=3.3V Pin=C7-2
Added Pin To Net: NetName=3.3V Pin=C12-2
Added Pin To Net: NetName=3.3V Pin=C15-1
Added Pin To Net: NetName=3.3V Pin=P2-21
Added Pin To Net: NetName=3.3V Pin=R3-1
Added Pin To Net: NetName=3.3V Pin=R7-1
Added Pin To Net: NetName=3.3V Pin=R10-1
Added Pin To Net: NetName=3.3V Pin=R11-2
Added Pin To Net: NetName=3.3V Pin=R12-2
Added Pin To Net: NetName=3.3V Pin=R14-1
Added Pin To Net: NetName=3.3V Pin=S1-2
Added Pin To Net: NetName=3.3V Pin=U3-16
Added Pin To Net: NetName=3.3V Pin=U4-3
Added Net: Name=3.3V
Added Pin To Net: NetName=5V_CAN Pin=D3-2
Added Pin To Net: NetName=5V_CAN Pin=F3-2
Added Net: Name=5V_CAN
Added Pin To Net: NetName=AUX1 Pin=P2-1
Added Net: Name=AUX1
Added Pin To Net: NetName=AUX2 Pin=P2-2
Added Net: Name=AUX2
Added Pin To Net: NetName=AUX3 Pin=P2-3
Added Net: Name=AUX3
Added Pin To Net: NetName=AUX4 Pin=P2-4
Added Net: Name=AUX4
Added Pin To Net: NetName=AUX5 Pin=P2-5
Added Net: Name=AUX5
Added Pin To Net: NetName=AUX6 Pin=P2-6
Added Net: Name=AUX6
Added Pin To Net: NetName=AUX7 Pin=P2-7
Added Net: Name=AUX7
Added Pin To Net: NetName=AUX8 Pin=P2-8
Added Net: Name=AUX8
Added Pin To Net: NetName=AUX9 Pin=P2-9
Added Net: Name=AUX9
Added Pin To Net: NetName=AUX10 Pin=P2-10
Added Net: Name=AUX10
Added Pin To Net: NetName=AUX11 Pin=P2-11
Added Net: Name=AUX11
Added Pin To Net: NetName=AUX12 Pin=P2-12
Added Net: Name=AUX12
Added Pin To Net: NetName=AUX13 Pin=P2-13
Added Net: Name=AUX13
Added Pin To Net: NetName=AUX14 Pin=P2-14
Added Net: Name=AUX14
Added Pin To Net: NetName=AUX15 Pin=P2-15
Added Net: Name=AUX15
Added Pin To Net: NetName=AUX16 Pin=P2-16
Added Net: Name=AUX16
Added Pin To Net: NetName=AUX17 Pin=P2-17
Added Net: Name=AUX17
Added Pin To Net: NetName=AUX18 Pin=P2-18
Added Net: Name=AUX18
Added Pin To Net: NetName=BOOT0 Pin=R6-2
Added Pin To Net: NetName=BOOT0 Pin=S1-1
Added Net: Name=BOOT0
Added Pin To Net: NetName=CAN_N Pin=J5-3
Added Pin To Net: NetName=CAN_N Pin=J6-3
Added Pin To Net: NetName=CAN_N Pin=R8-1
Added Pin To Net: NetName=CAN_N Pin=U4-6
Added Net: Name=CAN_N
Added Pin To Net: NetName=CAN_P Pin=J5-2
Added Pin To Net: NetName=CAN_P Pin=J6-2
Added Pin To Net: NetName=CAN_P Pin=R8-2
Added Pin To Net: NetName=CAN_P Pin=U4-7
Added Net: Name=CAN_P
Added Pin To Net: NetName=CAN_RX Pin=U4-4
Added Net: Name=CAN_RX
Added Pin To Net: NetName=CAN_TX Pin=U4-1
Added Net: Name=CAN_TX
Added Pin To Net: NetName=DEBUG_JTCK Pin=R13-1
Added Net: Name=DEBUG_JTCK
Added Pin To Net: NetName=DEBUG_JTDI Pin=R12-1
Added Net: Name=DEBUG_JTDI
Added Pin To Net: NetName=DEBUG_JTDO Pin=R14-2
Added Net: Name=DEBUG_JTDO
Added Pin To Net: NetName=DEBUG_JTMS Pin=R10-2
Added Net: Name=DEBUG_JTMS
Added Pin To Net: NetName=DEBUG_NJTRST Pin=R11-1
Added Net: Name=DEBUG_NJTRST
Added Pin To Net: NetName=GND Pin=C1-1
Added Pin To Net: NetName=GND Pin=C2-1
Added Pin To Net: NetName=GND Pin=C3-1
Added Pin To Net: NetName=GND Pin=C4-1
Added Pin To Net: NetName=GND Pin=C5-1
Added Pin To Net: NetName=GND Pin=C6-1
Added Pin To Net: NetName=GND Pin=C7-1
Added Pin To Net: NetName=GND Pin=C10-1
Added Pin To Net: NetName=GND Pin=C11-1
Added Pin To Net: NetName=GND Pin=C12-1
Added Pin To Net: NetName=GND Pin=C13-1
Added Pin To Net: NetName=GND Pin=C14-1
Added Pin To Net: NetName=GND Pin=C15-2
Added Pin To Net: NetName=GND Pin=J2-3
Added Pin To Net: NetName=GND Pin=J2-5
Added Pin To Net: NetName=GND Pin=J2-10
Added Pin To Net: NetName=GND Pin=J2-11
Added Pin To Net: NetName=GND Pin=J3-6
Added Pin To Net: NetName=GND Pin=J4-2
Added Pin To Net: NetName=GND Pin=J5-4
Added Pin To Net: NetName=GND Pin=J6-4
Added Pin To Net: NetName=GND Pin=P2-23
Added Pin To Net: NetName=GND Pin=P2-24
Added Pin To Net: NetName=GND Pin=R6-1
Added Pin To Net: NetName=GND Pin=R9-1
Added Pin To Net: NetName=GND Pin=R13-2
Added Pin To Net: NetName=GND Pin=S2-2
Added Pin To Net: NetName=GND Pin=U3-15
Added Pin To Net: NetName=GND Pin=U4-2
Added Pin To Net: NetName=GND Pin=U4-8
Added Pin To Net: NetName=GND Pin=Y1-2
Added Pin To Net: NetName=GND Pin=Y1-4
Added Net: Name=GND
Added Pin To Net: NetName=NetC8_1 Pin=C8-1
Added Pin To Net: NetName=NetC8_1 Pin=U3-3
Added Net: Name=NetC8_1
Added Pin To Net: NetName=NetC8_2 Pin=C8-2
Added Pin To Net: NetName=NetC8_2 Pin=U3-1
Added Net: Name=NetC8_2
Added Pin To Net: NetName=NetC9_1 Pin=C9-1
Added Pin To Net: NetName=NetC9_1 Pin=U3-5
Added Net: Name=NetC9_1
Added Pin To Net: NetName=NetC9_2 Pin=C9-2
Added Pin To Net: NetName=NetC9_2 Pin=U3-4
Added Net: Name=NetC9_2
Added Pin To Net: NetName=NetC10_2 Pin=C10-2
Added Pin To Net: NetName=NetC10_2 Pin=U3-6
Added Net: Name=NetC10_2
Added Pin To Net: NetName=NetC11_2 Pin=C11-2
Added Pin To Net: NetName=NetC11_2 Pin=U3-2
Added Net: Name=NetC11_2
Added Pin To Net: NetName=NetC13_2 Pin=C13-2
Added Pin To Net: NetName=NetC13_2 Pin=Y1-1
Added Net: Name=NetC13_2
Added Pin To Net: NetName=NetC14_2 Pin=C14-2
Added Pin To Net: NetName=NetC14_2 Pin=Y1-3
Added Net: Name=NetC14_2
Added Pin To Net: NetName=NetDS1_1 Pin=R16-2
Added Net: Name=NetDS1_1
Added Pin To Net: NetName=NetF1_1 Pin=F1-1
Added Net: Name=NetF1_1
Added Pin To Net: NetName=NetF2_2 Pin=F2-2
Added Pin To Net: NetName=NetF2_2 Pin=J4-1
Added Net: Name=NetF2_2
Added Pin To Net: NetName=NetF3_1 Pin=F3-1
Added Pin To Net: NetName=NetF3_1 Pin=J5-1
Added Pin To Net: NetName=NetF3_1 Pin=J6-1
Added Net: Name=NetF3_1
Added Pin To Net: NetName=NetJ1_2 Pin=R1-2
Added Net: Name=NetJ1_2
Added Pin To Net: NetName=NetJ1_3 Pin=R2-2
Added Pin To Net: NetName=NetJ1_3 Pin=R3-2
Added Net: Name=NetJ1_3
Added Pin To Net: NetName=NetR4_2 Pin=R4-2
Added Net: Name=NetR4_2
Added Pin To Net: NetName=NetR5_2 Pin=R5-2
Added Net: Name=NetR5_2
Added Pin To Net: NetName=NetR15_2 Pin=R15-2
Added Pin To Net: NetName=NetR15_2 Pin=R16-1
Added Net: Name=NetR15_2
Added Pin To Net: NetName=NRST Pin=R7-2
Added Pin To Net: NetName=NRST Pin=S2-1
Added Net: Name=NRST
Added Pin To Net: NetName=RS232A_TCMD Pin=J2-2
Added Pin To Net: NetName=RS232A_TCMD Pin=U3-14
Added Net: Name=RS232A_TCMD
Added Pin To Net: NetName=RS232A_TSTAT Pin=J2-7
Added Pin To Net: NetName=RS232A_TSTAT Pin=U3-13
Added Net: Name=RS232A_TSTAT
Added Pin To Net: NetName=RS232B_ALTITUDE_IN Pin=J2-4
Added Pin To Net: NetName=RS232B_ALTITUDE_IN Pin=U3-7
Added Net: Name=RS232B_ALTITUDE_IN
Added Pin To Net: NetName=RS232B_ALTITUDE_OUT Pin=J2-8
Added Pin To Net: NetName=RS232B_ALTITUDE_OUT Pin=U3-8
Added Net: Name=RS232B_ALTITUDE_OUT
Added Pin To Net: NetName=RTCK Pin=R9-2
Added Net: Name=RTCK
Added Pin To Net: NetName=STATUS_LED Pin=R15-1
Added Net: Name=STATUS_LED
Added Pin To Net: NetName=TRANS_SUPPRESSION Pin=J2-9
Added Net: Name=TRANS_SUPPRESSION
Added Pin To Net: NetName=USART1_RX Pin=J3-2
Added Pin To Net: NetName=USART1_RX Pin=R5-1
Added Net: Name=USART1_RX
Added Pin To Net: NetName=USART1_TX Pin=J3-3
Added Pin To Net: NetName=USART1_TX Pin=R4-1
Added Net: Name=USART1_TX
Added Pin To Net: NetName=USART2_RX Pin=U3-12
Added Net: Name=USART2_RX
Added Pin To Net: NetName=USART2_TX Pin=U3-11
Added Net: Name=USART2_TX
Added Pin To Net: NetName=USART3_RX Pin=U3-9
Added Net: Name=USART3_RX
Added Pin To Net: NetName=USART3_TX Pin=U3-10
Added Net: Name=USART3_TX
Added Pin To Net: NetName=USB_DM Pin=R1-1
Added Net: Name=USB_DM
Added Pin To Net: NetName=USB_DP Pin=R2-1
Added Net: Name=USB_DP
Added Pin To Net: NetName=V_IN Pin=D2-2
Added Pin To Net: NetName=V_IN Pin=F2-1
Added Pin To Net: NetName=V_IN Pin=J2-1
Added Pin To Net: NetName=V_IN Pin=P2-22
Added Net: Name=V_IN
Added Pin To Net: NetName=V_MCU Pin=C6-2
Added Pin To Net: NetName=V_MCU Pin=D1-1
Added Pin To Net: NetName=V_MCU Pin=D2-1
Added Pin To Net: NetName=V_MCU Pin=D3-1
Added Net: Name=V_MCU
Added Pin To Net: NetName=V_USB Pin=D1-2
Added Pin To Net: NetName=V_USB Pin=F1-2
Added Net: Name=V_USB
Added Class: Name=STX165R_UAVCAN_module
Added Differential Pair: Name=CAN
