Added Component: Designator=C1(0603_CAP)
Added Component: Designator=C2(0603_CAP)
Added Component: Designator=Q1(SOT363 (SC-88))
Added Component: Designator=Q2(SOT95P240X120-3M)
Added Component: Designator=R1(0603_RES)
Added Component: Designator=R2(0603_RES)
Added Component: Designator=R3(0603_RES)
Added Component: Designator=R4(0603_RES)
Added Component: Designator=R5(0603_RES)
Added Component: Designator=R6(0603_RES)
Added Component: Designator=R7(0603_RES)
Added Component: Designator=U1(MF05A_M)
Added Pin To Net: NetName=3.3V Pin=C2-2
Added Pin To Net: NetName=3.3V Pin=R1-1
Added Pin To Net: NetName=3.3V Pin=R2-2
Added Pin To Net: NetName=3.3V Pin=R6-2
Added Pin To Net: NetName=3.3V Pin=U1-5
Added Net: Name=3.3V
Added Pin To Net: NetName=GND Pin=C1-1
Added Pin To Net: NetName=GND Pin=C2-1
Added Pin To Net: NetName=GND Pin=Q1-1
Added Pin To Net: NetName=GND Pin=Q1-4
Added Pin To Net: NetName=GND Pin=Q2-1
Added Pin To Net: NetName=GND Pin=U1-2
Added Net: Name=GND
Added Pin To Net: NetName=NetQ1_2 Pin=Q1-2
Added Pin To Net: NetName=NetQ1_2 Pin=R4-1
Added Net: Name=NetQ1_2
Added Pin To Net: NetName=NetQ1_3 Pin=Q1-3
Added Pin To Net: NetName=NetQ1_3 Pin=R2-1
Added Pin To Net: NetName=NetQ1_3 Pin=R3-1
Added Net: Name=NetQ1_3
Added Pin To Net: NetName=NetQ1_5 Pin=Q1-5
Added Pin To Net: NetName=NetQ1_5 Pin=R5-1
Added Net: Name=NetQ1_5
Added Pin To Net: NetName=NetQ2_2 Pin=Q2-2
Added Pin To Net: NetName=NetQ2_2 Pin=R7-1
Added Net: Name=NetQ2_2
Added Pin To Net: NetName=SBUS Pin=R7-2
Added Net: Name=SBUS
Added Pin To Net: NetName=SPORT_RX Pin=Q1-6
Added Pin To Net: NetName=SPORT_RX Pin=R1-2
Added Net: Name=SPORT_RX
Added Pin To Net: NetName=SPORT_TX Pin=R5-2
Added Net: Name=SPORT_TX
Added Pin To Net: NetName=SPORT Pin=R3-2
Added Pin To Net: NetName=SPORT Pin=R4-2
Added Net: Name=SPORT
Added Pin To Net: NetName=USART2_RX Pin=Q2-3
Added Pin To Net: NetName=USART2_RX Pin=R6-1
Added Net: Name=USART2_RX
Added Pin To Net: NetName=V_IN Pin=C1-2
Added Pin To Net: NetName=V_IN Pin=U1-1
Added Pin To Net: NetName=V_IN Pin=U1-3
Added Net: Name=V_IN
Added Class: Name=SPort_SBUS
Added Room: Name=SPort_SBUS
