Added Component: Designator=P1(Header_3)
Added Component: Designator=P2(Header_3)
Added Component: Designator=P3(Header_3)
Added Component: Designator=P4(Header_3)
Added Pin To Net: NetName=SPORT_RX Pin=P1-1
Added Pin To Net: NetName=SPORT_TX Pin=P1-2
Added Pin To Net: NetName=GND Pin=P1-3
Added Pin To Net: NetName=SPORT Pin=P2-1
Added Pin To Net: NetName=V_IN Pin=P2-2
Added Pin To Net: NetName=GND Pin=P2-3
Added Pin To Net: NetName=USART2_RX Pin=P3-1
Added Pin To Net: NetName=V_IN Pin=P3-2
Added Pin To Net: NetName=GND Pin=P3-3
Added Pin To Net: NetName=SBUS Pin=P4-1
Added Pin To Net: NetName=V_IN Pin=P4-2
Added Pin To Net: NetName=GND Pin=P4-3
Change Net Name : Old Net Name=SPORT_RX New Net Name=SPORT_RXD
Change Net Name : Old Net Name=SPORT_TX New Net Name=SPORT_TXD
Change Net Name : Old Net Name=USART2_RX New Net Name=USART2_RXD
Added Member To Class: ClassName=SPort_SBUS Member=Component P1 Header 3
Added Member To Class: ClassName=SPort_SBUS Member=Component P2 Header 3
Added Member To Class: ClassName=SPort_SBUS Member=Component P3 Header 3
Added Member To Class: ClassName=SPort_SBUS Member=Component P4 Header 3
