Added Component: Designator=Q?(SOT95P240X120-3M)
Added Component: Designator=Q?(SOT95P240X120-3M)
Added Component: Designator=Q?(SOT95P240X120-3M)
Added Component: Designator=R?(0603_RES)
Added Component: Designator=R?(0603_RES)
Added Component: Designator=R?(0603_RES)
Added Component: Designator=R?(0603_RES)
Added Component: Designator=R?(0603_RES)
Added Component: Designator=R?(0603_RES)
Added Component: Designator=R?(0603_RES)
Added Component: Designator=U?(MF05A_L)
Added Pin To Net: NetName=3.3V Pin=R?-1
Added Pin To Net: NetName=3.3V Pin=R?-2
Added Pin To Net: NetName=3.3V Pin=R?-2
Added Net: Name=3.3V
Added Pin To Net: NetName=GND Pin=Q?-1
Added Pin To Net: NetName=GND Pin=Q?-1
Added Pin To Net: NetName=GND Pin=Q?-1
Added Net: Name=GND
Added Pin To Net: NetName=NetQ?_2 Pin=Q?-2
Added Pin To Net: NetName=NetQ?_2 Pin=R?-1
Added Net: Name=NetQ?_2
Added Pin To Net: NetName=NetQ?_3 Pin=Q?-3
Added Pin To Net: NetName=NetQ?_3 Pin=R?-1
Added Pin To Net: NetName=NetQ?_3 Pin=R?-1
Added Net: Name=NetQ?_3
Added Pin To Net: NetName=SBUS Pin=R?-2
Added Net: Name=SBUS
Added Pin To Net: NetName=SPORT_RX Pin=Q?-3
Added Pin To Net: NetName=SPORT_RX Pin=R?-2
Added Net: Name=SPORT_RX
Added Pin To Net: NetName=SPORT_TX Pin=R?-2
Added Net: Name=SPORT_TX
Added Pin To Net: NetName=SPORT Pin=R?-2
Added Pin To Net: NetName=SPORT Pin=R?-2
Added Net: Name=SPORT
Added Pin To Net: NetName=USART2_RX Pin=Q?-3
Added Pin To Net: NetName=USART2_RX Pin=R?-1
Added Net: Name=USART2_RX
Added Class: Name=SPort_SBUS
Added Room: Name=SPort_SBUS
